2019-04-18T10:56:59+00:00 DEBUG 
====Stripe Version: 4.1.15====
====Start Log====
Keys are not set correctly.
====End Log====


2019-04-18T10:57:54+00:00 DEBUG 
====Stripe Version: 4.1.15====
====Start Log====
Keys are not set correctly.
====End Log====


2019-04-18T10:58:18+00:00 DEBUG 
====Stripe Version: 4.1.15====
====Start Log====
Keys are not set correctly.
====End Log====


2019-04-18T11:15:01+00:00 DEBUG 
====Stripe Version: 4.1.15====
====Start Log====
Keys are not set correctly.
====End Log====


2019-04-18T11:21:09+00:00 DEBUG 
====Stripe Version: 4.1.15====
====Start Log====
Error: Impossible de vérifier la clé secrète manquante du domaine.
====End Log====


2019-04-18T11:21:24+00:00 DEBUG 
====Stripe Version: 4.1.15====
====Start Log====
Error: Impossible de vérifier la clé secrète manquante du domaine.
====End Log====


